# JRE version: Java(TM) SE Runtime Environment (8.0_161-b12) (build 1.8.0_161-b12)
# Java VM: Java HotSpot(TM) 64-Bit Server VM (25.161-b12 mixed mode windows-amd64 compressed oops)
Heap:
 PSYoungGen      total 71680K, used 33036K [0x00000000d5c00000, 0x00000000de380000, 0x0000000100000000)
  eden space 66560K, 41% used [0x00000000d5c00000,0x00000000d774ad08,0x00000000d9d00000)
  from space 5120K, 99% used [0x00000000d9d00000,0x00000000da1f8630,0x00000000da200000)
  to   space 8192K, 0% used [0x00000000ddb80000,0x00000000ddb80000,0x00000000de380000)
 ParOldGen       total 50176K, used 9012K [0x0000000081400000, 0x0000000084500000, 0x00000000d5c00000)
  object space 50176K, 17% used [0x0000000081400000,0x0000000081ccd1a8,0x0000000084500000)
 Metaspace       used 29840K, capacity 30056K, committed 30464K, reserved 1075200K
  class space    used 4182K, capacity 4233K, committed 4352K, reserved 1048576K
GC Heap History (10 events):
Event: 4.427 GC heap before
{Heap before GC invocations=2 (full 0):
 PSYoungGen      total 38400K, used 38377K [0x00000000d5c00000, 0x00000000d8680000, 0x0000000100000000)
  eden space 33280K, 100% used [0x00000000d5c00000,0x00000000d7c80000,0x00000000d7c80000)
  from space 5120K, 99% used [0x00000000d7c80000,0x00000000d817a518,0x00000000d8180000)
  to   space 5120K, 0% used [0x00000000d8180000,0x00000000d8180000,0x00000000d8680000)
 ParOldGen       total 87552K, used 848K [0x0000000081400000, 0x0000000086980000, 0x00000000d5c00000)
  object space 87552K, 0% used [0x0000000081400000,0x00000000814d41d0,0x0000000086980000)
 Metaspace       used 13416K, capacity 13562K, committed 13824K, reserved 1060864K
  class space    used 1906K, capacity 1938K, committed 2048K, reserved 1048576K
Event: 4.465 GC heap after
Heap after GC invocations=2 (full 0):
 PSYoungGen      total 38400K, used 5101K [0x00000000d5c00000, 0x00000000da700000, 0x0000000100000000)
  eden space 33280K, 0% used [0x00000000d5c00000,0x00000000d5c00000,0x00000000d7c80000)
  from space 5120K, 99% used [0x00000000d8180000,0x00000000d867b510,0x00000000d8680000)
  to   space 5120K, 0% used [0x00000000d7c80000,0x00000000d7c80000,0x00000000d8180000)
 ParOldGen       total 87552K, used 1516K [0x0000000081400000, 0x0000000086980000, 0x00000000d5c00000)
  object space 87552K, 1% used [0x0000000081400000,0x000000008157b388,0x0000000086980000)
 Metaspace       used 13416K, capacity 13562K, committed 13824K, reserved 1060864K
  class space    used 1906K, capacity 1938K, committed 2048K, reserved 1048576K
}
Event: 5.604 GC heap before
{Heap before GC invocations=3 (full 0):
 PSYoungGen      total 38400K, used 38381K [0x00000000d5c00000, 0x00000000da700000, 0x0000000100000000)
  eden space 33280K, 100% used [0x00000000d5c00000,0x00000000d7c80000,0x00000000d7c80000)
  from space 5120K, 99% used [0x00000000d8180000,0x00000000d867b510,0x00000000d8680000)
  to   space 5120K, 0% used [0x00000000d7c80000,0x00000000d7c80000,0x00000000d8180000)
 ParOldGen       total 87552K, used 1516K [0x0000000081400000, 0x0000000086980000, 0x00000000d5c00000)
  object space 87552K, 1% used [0x0000000081400000,0x000000008157b388,0x0000000086980000)
 Metaspace       used 17646K, capacity 17816K, committed 17920K, reserved 1064960K
  class space    used 2496K, capacity 2545K, committed 2560K, reserved 1048576K
Event: 5.624 GC heap after
Heap after GC invocations=3 (full 0):
 PSYoungGen      total 38400K, used 5091K [0x00000000d5c00000, 0x00000000da700000, 0x0000000100000000)
  eden space 33280K, 0% used [0x00000000d5c00000,0x00000000d5c00000,0x00000000d7c80000)
  from space 5120K, 99% used [0x00000000d7c80000,0x00000000d8178c48,0x00000000d8180000)
  to   space 5120K, 0% used [0x00000000da200000,0x00000000da200000,0x00000000da700000)
 ParOldGen       total 87552K, used 2680K [0x0000000081400000, 0x0000000086980000, 0x00000000d5c00000)
  object space 87552K, 3% used [0x0000000081400000,0x000000008169e108,0x0000000086980000)
 Metaspace       used 17646K, capacity 17816K, committed 17920K, reserved 1064960K
  class space    used 2496K, capacity 2545K, committed 2560K, reserved 1048576K
}
Event: 6.803 GC heap before
{Heap before GC invocations=4 (full 0):
 PSYoungGen      total 38400K, used 28227K [0x00000000d5c00000, 0x00000000da700000, 0x0000000100000000)
  eden space 33280K, 69% used [0x00000000d5c00000,0x00000000d7298130,0x00000000d7c80000)
  from space 5120K, 99% used [0x00000000d7c80000,0x00000000d8178c48,0x00000000d8180000)
  to   space 5120K, 0% used [0x00000000da200000,0x00000000da200000,0x00000000da700000)
 ParOldGen       total 87552K, used 2680K [0x0000000081400000, 0x0000000086980000, 0x00000000d5c00000)
  object space 87552K, 3% used [0x0000000081400000,0x000000008169e108,0x0000000086980000)
 Metaspace       used 20888K, capacity 21100K, committed 21248K, reserved 1067008K
  class space    used 2923K, capacity 3003K, committed 3072K, reserved 1048576K
Event: 6.810 GC heap after
Heap after GC invocations=4 (full 0):
 PSYoungGen      total 71680K, used 5111K [0x00000000d5c00000, 0x00000000da700000, 0x0000000100000000)
  eden space 66560K, 0% used [0x00000000d5c00000,0x00000000d5c00000,0x00000000d9d00000)
  from space 5120K, 99% used [0x00000000da200000,0x00000000da6fde08,0x00000000da700000)
  to   space 5120K, 0% used [0x00000000d9d00000,0x00000000d9d00000,0x00000000da200000)
 ParOldGen       total 87552K, used 3361K [0x0000000081400000, 0x0000000086980000, 0x00000000d5c00000)
  object space 87552K, 3% used [0x0000000081400000,0x00000000817486f0,0x0000000086980000)
 Metaspace       used 20888K, capacity 21100K, committed 21248K, reserved 1067008K
  class space    used 2923K, capacity 3003K, committed 3072K, reserved 1048576K
}
Event: 6.810 GC heap before
{Heap before GC invocations=5 (full 1):
 PSYoungGen      total 71680K, used 5111K [0x00000000d5c00000, 0x00000000da700000, 0x0000000100000000)
  eden space 66560K, 0% used [0x00000000d5c00000,0x00000000d5c00000,0x00000000d9d00000)
  from space 5120K, 99% used [0x00000000da200000,0x00000000da6fde08,0x00000000da700000)
  to   space 5120K, 0% used [0x00000000d9d00000,0x00000000d9d00000,0x00000000da200000)
 ParOldGen       total 87552K, used 3361K [0x0000000081400000, 0x0000000086980000, 0x00000000d5c00000)
  object space 87552K, 3% used [0x0000000081400000,0x00000000817486f0,0x0000000086980000)
 Metaspace       used 20888K, capacity 21100K, committed 21248K, reserved 1067008K
  class space    used 2923K, capacity 3003K, committed 3072K, reserved 1048576K
Event: 6.842 GC heap after
Heap after GC invocations=5 (full 1):
 PSYoungGen      total 71680K, used 0K [0x00000000d5c00000, 0x00000000da700000, 0x0000000100000000)
  eden space 66560K, 0% used [0x00000000d5c00000,0x00000000d5c00000,0x00000000d9d00000)
  from space 5120K, 0% used [0x00000000da200000,0x00000000da200000,0x00000000da700000)
  to   space 5120K, 0% used [0x00000000d9d00000,0x00000000d9d00000,0x00000000da200000)
 ParOldGen       total 50176K, used 5727K [0x0000000081400000, 0x0000000084500000, 0x00000000d5c00000)
  object space 50176K, 11% used [0x0000000081400000,0x0000000081997c68,0x0000000084500000)
 Metaspace       used 20888K, capacity 21100K, committed 21248K, reserved 1067008K
  class space    used 2923K, capacity 3003K, committed 3072K, reserved 1048576K
}
Event: 8.078 GC heap before
{Heap before GC invocations=6 (full 1):
 PSYoungGen      total 71680K, used 66560K [0x00000000d5c00000, 0x00000000da700000, 0x0000000100000000)
  eden space 66560K, 100% used [0x00000000d5c00000,0x00000000d9d00000,0x00000000d9d00000)
  from space 5120K, 0% used [0x00000000da200000,0x00000000da200000,0x00000000da700000)
  to   space 5120K, 0% used [0x00000000d9d00000,0x00000000d9d00000,0x00000000da200000)
 ParOldGen       total 50176K, used 5727K [0x0000000081400000, 0x0000000084500000, 0x00000000d5c00000)
  object space 50176K, 11% used [0x0000000081400000,0x0000000081997c68,0x0000000084500000)
 Metaspace       used 27788K, capacity 27976K, committed 28288K, reserved 1073152K
  class space    used 3873K, capacity 3945K, committed 3968K, reserved 1048576K
Event: 8.155 GC heap after
Heap after GC invocations=6 (full 1):
 PSYoungGen      total 71680K, used 5089K [0x00000000d5c00000, 0x00000000de380000, 0x0000000100000000)
  eden space 66560K, 0% used [0x00000000d5c00000,0x00000000d5c00000,0x00000000d9d00000)
  from space 5120K, 99% used [0x00000000d9d00000,0x00000000da1f8630,0x00000000da200000)
  to   space 8192K, 0% used [0x00000000ddb80000,0x00000000ddb80000,0x00000000de380000)
 ParOldGen       total 50176K, used 9012K [0x0000000081400000, 0x0000000084500000, 0x00000000d5c00000)
  object space 50176K, 17% used [0x0000000081400000,0x0000000081ccd1a8,0x0000000084500000)
 Metaspace       used 27788K, capacity 27976K, committed 28288K, reserved 1073152K
  class space    used 3873K, capacity 3945K, committed 3968K, reserved 1048576K
}

